mode: set
UMKMGo-backend/internal/service/applications.go:39.281,47.2 1 0
UMKMGo-backend/internal/service/applications.go:49.130,51.16 2 1
UMKMGo-backend/internal/service/applications.go:51.16,53.3 1 0
UMKMGo-backend/internal/service/applications.go:55.2,56.35 2 1
UMKMGo-backend/internal/service/applications.go:56.35,60.33 3 1
UMKMGo-backend/internal/service/applications.go:60.33,69.4 1 0
UMKMGo-backend/internal/service/applications.go:72.3,74.34 3 1
UMKMGo-backend/internal/service/applications.go:74.34,86.4 1 0
UMKMGo-backend/internal/service/applications.go:88.3,129.60 2 1
UMKMGo-backend/internal/service/applications.go:132.2,132.29 1 1
UMKMGo-backend/internal/service/applications.go:135.113,137.16 2 1
UMKMGo-backend/internal/service/applications.go:137.16,139.3 1 1
UMKMGo-backend/internal/service/applications.go:142.2,143.16 2 1
UMKMGo-backend/internal/service/applications.go:143.16,145.3 1 0
UMKMGo-backend/internal/service/applications.go:148.2,149.16 2 1
UMKMGo-backend/internal/service/applications.go:149.16,151.3 1 0
UMKMGo-backend/internal/service/applications.go:154.2,155.44 2 1
UMKMGo-backend/internal/service/applications.go:155.44,164.3 1 0
UMKMGo-backend/internal/service/applications.go:167.2,168.45 2 1
UMKMGo-backend/internal/service/applications.go:168.45,180.3 1 0
UMKMGo-backend/internal/service/applications.go:182.2,229.26 2 1
UMKMGo-backend/internal/service/applications.go:230.18,231.45 1 1
UMKMGo-backend/internal/service/applications.go:231.45,238.4 1 0
UMKMGo-backend/internal/service/applications.go:239.23,240.50 1 0
UMKMGo-backend/internal/service/applications.go:240.50,249.4 1 0
UMKMGo-backend/internal/service/applications.go:250.17,251.44 1 0
UMKMGo-backend/internal/service/applications.go:251.44,264.4 1 0
UMKMGo-backend/internal/service/applications.go:267.2,267.20 1 1
UMKMGo-backend/internal/service/applications.go:270.126,273.16 2 1
UMKMGo-backend/internal/service/applications.go:273.16,275.3 1 1
UMKMGo-backend/internal/service/applications.go:278.2,278.39 1 1
UMKMGo-backend/internal/service/applications.go:278.39,280.3 1 1
UMKMGo-backend/internal/service/applications.go:283.2,284.16 2 1
UMKMGo-backend/internal/service/applications.go:284.16,286.3 1 0
UMKMGo-backend/internal/service/applications.go:289.2,292.16 4 1
UMKMGo-backend/internal/service/applications.go:292.16,294.3 1 0
UMKMGo-backend/internal/service/applications.go:297.2,303.87 2 1
UMKMGo-backend/internal/service/applications.go:303.87,305.3 1 0
UMKMGo-backend/internal/service/applications.go:308.2,309.16 2 1
UMKMGo-backend/internal/service/applications.go:309.16,311.3 1 0
UMKMGo-backend/internal/service/applications.go:313.2,322.87 2 1
UMKMGo-backend/internal/service/applications.go:322.87,324.3 1 0
UMKMGo-backend/internal/service/applications.go:326.2,329.8 1 1
UMKMGo-backend/internal/service/applications.go:332.140,334.26 1 1
UMKMGo-backend/internal/service/applications.go:334.26,336.3 1 1
UMKMGo-backend/internal/service/applications.go:339.2,340.16 2 1
UMKMGo-backend/internal/service/applications.go:340.16,342.3 1 0
UMKMGo-backend/internal/service/applications.go:345.2,345.39 1 1
UMKMGo-backend/internal/service/applications.go:345.39,347.3 1 1
UMKMGo-backend/internal/service/applications.go:350.2,352.16 3 1
UMKMGo-backend/internal/service/applications.go:352.16,354.3 1 0
UMKMGo-backend/internal/service/applications.go:357.2,363.87 2 1
UMKMGo-backend/internal/service/applications.go:363.87,365.3 1 0
UMKMGo-backend/internal/service/applications.go:368.2,369.16 2 1
UMKMGo-backend/internal/service/applications.go:369.16,371.3 1 0
UMKMGo-backend/internal/service/applications.go:373.2,382.87 2 1
UMKMGo-backend/internal/service/applications.go:382.87,384.3 1 0
UMKMGo-backend/internal/service/applications.go:386.2,389.8 1 1
UMKMGo-backend/internal/service/applications.go:392.140,394.26 1 1
UMKMGo-backend/internal/service/applications.go:394.26,396.3 1 1
UMKMGo-backend/internal/service/applications.go:399.2,400.16 2 1
UMKMGo-backend/internal/service/applications.go:400.16,402.3 1 0
UMKMGo-backend/internal/service/applications.go:405.2,405.39 1 1
UMKMGo-backend/internal/service/applications.go:405.39,407.3 1 1
UMKMGo-backend/internal/service/applications.go:410.2,412.16 3 1
UMKMGo-backend/internal/service/applications.go:412.16,414.3 1 0
UMKMGo-backend/internal/service/applications.go:417.2,423.87 2 1
UMKMGo-backend/internal/service/applications.go:423.87,425.3 1 0
UMKMGo-backend/internal/service/applications.go:428.2,429.16 2 1
UMKMGo-backend/internal/service/applications.go:429.16,431.3 1 0
UMKMGo-backend/internal/service/applications.go:433.2,442.87 2 1
UMKMGo-backend/internal/service/applications.go:442.87,444.3 1 0
UMKMGo-backend/internal/service/applications.go:446.2,449.8 1 1
UMKMGo-backend/internal/service/applications.go:452.122,455.16 2 1
UMKMGo-backend/internal/service/applications.go:455.16,457.3 1 1
UMKMGo-backend/internal/service/applications.go:460.2,460.35 1 1
UMKMGo-backend/internal/service/applications.go:460.35,462.3 1 1
UMKMGo-backend/internal/service/applications.go:465.2,467.16 3 1
UMKMGo-backend/internal/service/applications.go:467.16,469.3 1 0
UMKMGo-backend/internal/service/applications.go:472.2,478.87 2 1
UMKMGo-backend/internal/service/applications.go:478.87,480.3 1 0
UMKMGo-backend/internal/service/applications.go:483.2,484.16 2 1
UMKMGo-backend/internal/service/applications.go:484.16,486.3 1 0
UMKMGo-backend/internal/service/applications.go:488.2,497.87 2 1
UMKMGo-backend/internal/service/applications.go:497.87,499.3 1 0
UMKMGo-backend/internal/service/applications.go:501.2,504.8 1 1
UMKMGo-backend/internal/service/applications.go:507.136,509.26 1 1
UMKMGo-backend/internal/service/applications.go:509.26,511.3 1 1
UMKMGo-backend/internal/service/applications.go:514.2,515.16 2 1
UMKMGo-backend/internal/service/applications.go:515.16,517.3 1 0
UMKMGo-backend/internal/service/applications.go:520.2,520.35 1 1
UMKMGo-backend/internal/service/applications.go:520.35,522.3 1 1
UMKMGo-backend/internal/service/applications.go:525.2,527.16 3 1
UMKMGo-backend/internal/service/applications.go:527.16,529.3 1 0
UMKMGo-backend/internal/service/applications.go:532.2,538.87 2 1
UMKMGo-backend/internal/service/applications.go:538.87,540.3 1 0
UMKMGo-backend/internal/service/applications.go:543.2,544.16 2 1
UMKMGo-backend/internal/service/applications.go:544.16,546.3 1 0
UMKMGo-backend/internal/service/applications.go:548.2,557.87 2 1
UMKMGo-backend/internal/service/applications.go:557.87,559.3 1 0
UMKMGo-backend/internal/service/applications.go:561.2,564.8 1 1
UMKMGo-backend/internal/service/applications.go:568.154,569.22 1 1
UMKMGo-backend/internal/service/applications.go:569.22,571.3 1 1
UMKMGo-backend/internal/service/applications.go:574.2,592.24 5 1
UMKMGo-backend/internal/service/applications.go:592.24,594.3 1 1
UMKMGo-backend/internal/service/applications.go:594.8,594.40 1 1
UMKMGo-backend/internal/service/applications.go:594.40,596.3 1 1
UMKMGo-backend/internal/service/applications.go:596.8,598.3 1 0
UMKMGo-backend/internal/service/applications.go:600.2,600.16 1 1
UMKMGo-backend/internal/service/applications.go:600.16,602.3 1 1
UMKMGo-backend/internal/service/applications.go:604.2,604.23 1 0
UMKMGo-backend/internal/service/dashboards.go:21.89,25.2 1 0
UMKMGo-backend/internal/service/dashboards.go:27.97,29.16 2 1
UMKMGo-backend/internal/service/dashboards.go:29.16,31.3 1 1
UMKMGo-backend/internal/service/dashboards.go:33.2,34.33 2 1
UMKMGo-backend/internal/service/dashboards.go:34.33,39.3 1 1
UMKMGo-backend/internal/service/dashboards.go:41.2,41.22 1 1
UMKMGo-backend/internal/service/dashboards.go:44.117,46.16 2 1
UMKMGo-backend/internal/service/dashboards.go:46.16,48.3 1 1
UMKMGo-backend/internal/service/dashboards.go:50.2,57.22 2 1
UMKMGo-backend/internal/service/dashboards.go:60.115,62.16 2 1
UMKMGo-backend/internal/service/dashboards.go:62.16,64.3 1 1
UMKMGo-backend/internal/service/dashboards.go:66.2,74.22 2 1
UMKMGo-backend/internal/service/dashboards.go:77.103,79.16 2 1
UMKMGo-backend/internal/service/dashboards.go:79.16,81.3 1 1
UMKMGo-backend/internal/service/dashboards.go:83.2,89.22 2 1
UMKMGo-backend/internal/service/mobile.go:69.337,79.2 1 0
UMKMGo-backend/internal/service/mobile.go:82.98,85.16 3 1
UMKMGo-backend/internal/service/mobile.go:85.16,87.3 1 1
UMKMGo-backend/internal/service/mobile.go:90.2,91.16 2 1
UMKMGo-backend/internal/service/mobile.go:91.16,93.3 1 0
UMKMGo-backend/internal/service/mobile.go:96.2,97.16 2 1
UMKMGo-backend/internal/service/mobile.go:97.16,99.3 1 1
UMKMGo-backend/internal/service/mobile.go:102.2,103.16 2 0
UMKMGo-backend/internal/service/mobile.go:103.16,105.3 1 0
UMKMGo-backend/internal/service/mobile.go:107.2,108.35 2 0
UMKMGo-backend/internal/service/mobile.go:108.35,109.55 1 0
UMKMGo-backend/internal/service/mobile.go:109.55,111.4 1 0
UMKMGo-backend/internal/service/mobile.go:114.2,121.17 8 0
UMKMGo-backend/internal/service/mobile.go:125.99,127.16 2 1
UMKMGo-backend/internal/service/mobile.go:127.16,129.3 1 0
UMKMGo-backend/internal/service/mobile.go:131.2,131.42 1 1
UMKMGo-backend/internal/service/mobile.go:134.104,136.16 2 1
UMKMGo-backend/internal/service/mobile.go:136.16,138.3 1 0
UMKMGo-backend/internal/service/mobile.go:140.2,140.42 1 1
UMKMGo-backend/internal/service/mobile.go:143.98,145.16 2 1
UMKMGo-backend/internal/service/mobile.go:145.16,147.3 1 0
UMKMGo-backend/internal/service/mobile.go:149.2,149.42 1 1
UMKMGo-backend/internal/service/mobile.go:152.104,154.16 2 1
UMKMGo-backend/internal/service/mobile.go:154.16,156.3 1 1
UMKMGo-backend/internal/service/mobile.go:159.2,160.16 2 1
UMKMGo-backend/internal/service/mobile.go:160.16,162.3 1 0
UMKMGo-backend/internal/service/mobile.go:163.2,164.16 2 1
UMKMGo-backend/internal/service/mobile.go:164.16,166.3 1 0
UMKMGo-backend/internal/service/mobile.go:168.2,169.29 2 1
UMKMGo-backend/internal/service/mobile.go:169.29,171.3 1 0
UMKMGo-backend/internal/service/mobile.go:173.2,174.33 2 1
UMKMGo-backend/internal/service/mobile.go:174.33,176.3 1 0
UMKMGo-backend/internal/service/mobile.go:178.2,182.8 1 1
UMKMGo-backend/internal/service/mobile.go:186.98,188.16 2 1
UMKMGo-backend/internal/service/mobile.go:188.16,190.3 1 1
UMKMGo-backend/internal/service/mobile.go:193.2,194.16 2 1
UMKMGo-backend/internal/service/mobile.go:194.16,196.3 1 1
UMKMGo-backend/internal/service/mobile.go:199.2,200.16 2 0
UMKMGo-backend/internal/service/mobile.go:200.16,202.3 1 0
UMKMGo-backend/internal/service/mobile.go:204.2,238.8 1 0
UMKMGo-backend/internal/service/mobile.go:241.132,244.16 2 1
UMKMGo-backend/internal/service/mobile.go:244.16,246.3 1 1
UMKMGo-backend/internal/service/mobile.go:249.2,250.16 2 1
UMKMGo-backend/internal/service/mobile.go:250.16,252.3 1 1
UMKMGo-backend/internal/service/mobile.go:255.2,255.25 1 1
UMKMGo-backend/internal/service/mobile.go:255.25,256.95 1 0
UMKMGo-backend/internal/service/mobile.go:256.95,263.18 2 0
UMKMGo-backend/internal/service/mobile.go:263.18,265.5 1 0
UMKMGo-backend/internal/service/mobile.go:267.4,267.24 1 0
UMKMGo-backend/internal/service/mobile.go:267.24,269.25 2 0
UMKMGo-backend/internal/service/mobile.go:269.25,270.99 1 0
UMKMGo-backend/internal/service/mobile.go:270.99,272.7 1 0
UMKMGo-backend/internal/service/mobile.go:276.4,276.24 1 0
UMKMGo-backend/internal/service/mobile.go:281.2,293.16 11 1
UMKMGo-backend/internal/service/mobile.go:293.16,295.3 1 0
UMKMGo-backend/internal/service/mobile.go:298.2,298.38 1 1
UMKMGo-backend/internal/service/mobile.go:301.103,303.16 2 1
UMKMGo-backend/internal/service/mobile.go:303.16,305.3 1 1
UMKMGo-backend/internal/service/mobile.go:307.2,308.20 2 1
UMKMGo-backend/internal/service/mobile.go:308.20,313.3 1 1
UMKMGo-backend/internal/service/mobile.go:314.2,314.21 1 1
UMKMGo-backend/internal/service/mobile.go:314.21,319.3 1 1
UMKMGo-backend/internal/service/mobile.go:320.2,320.30 1 1
UMKMGo-backend/internal/service/mobile.go:320.30,325.3 1 1
UMKMGo-backend/internal/service/mobile.go:326.2,326.31 1 1
UMKMGo-backend/internal/service/mobile.go:326.31,331.3 1 1
UMKMGo-backend/internal/service/mobile.go:333.2,333.23 1 1
UMKMGo-backend/internal/service/mobile.go:336.110,338.16 2 1
UMKMGo-backend/internal/service/mobile.go:338.16,340.3 1 1
UMKMGo-backend/internal/service/mobile.go:343.2,371.13 3 1
UMKMGo-backend/internal/service/mobile.go:371.13,373.3 1 1
UMKMGo-backend/internal/service/mobile.go:375.2,377.92 2 1
UMKMGo-backend/internal/service/mobile.go:377.92,385.17 2 0
UMKMGo-backend/internal/service/mobile.go:385.17,387.4 1 0
UMKMGo-backend/internal/service/mobile.go:390.3,390.26 1 0
UMKMGo-backend/internal/service/mobile.go:390.26,392.27 2 0
UMKMGo-backend/internal/service/mobile.go:392.27,394.5 1 0
UMKMGo-backend/internal/service/mobile.go:397.3,397.19 1 0
UMKMGo-backend/internal/service/mobile.go:401.2,401.76 1 1
UMKMGo-backend/internal/service/mobile.go:406.129,409.16 2 1
UMKMGo-backend/internal/service/mobile.go:409.16,411.3 1 1
UMKMGo-backend/internal/service/mobile.go:413.2,413.32 1 1
UMKMGo-backend/internal/service/mobile.go:413.32,415.3 1 1
UMKMGo-backend/internal/service/mobile.go:418.2,418.70 1 1
UMKMGo-backend/internal/service/mobile.go:418.70,420.3 1 1
UMKMGo-backend/internal/service/mobile.go:423.2,424.16 2 1
UMKMGo-backend/internal/service/mobile.go:424.16,426.3 1 1
UMKMGo-backend/internal/service/mobile.go:428.2,429.16 2 0
UMKMGo-backend/internal/service/mobile.go:429.16,431.3 1 0
UMKMGo-backend/internal/service/mobile.go:434.2,444.16 3 0
UMKMGo-backend/internal/service/mobile.go:444.16,446.3 1 0
UMKMGo-backend/internal/service/mobile.go:449.2,457.81 2 0
UMKMGo-backend/internal/service/mobile.go:457.81,459.3 1 0
UMKMGo-backend/internal/service/mobile.go:462.2,462.128 1 0
UMKMGo-backend/internal/service/mobile.go:462.128,464.3 1 0
UMKMGo-backend/internal/service/mobile.go:467.2,467.182 1 0
UMKMGo-backend/internal/service/mobile.go:467.182,469.3 1 0
UMKMGo-backend/internal/service/mobile.go:472.2,474.12 2 0
UMKMGo-backend/internal/service/mobile.go:478.139,481.16 2 1
UMKMGo-backend/internal/service/mobile.go:481.16,483.3 1 0
UMKMGo-backend/internal/service/mobile.go:485.2,485.37 1 1
UMKMGo-backend/internal/service/mobile.go:485.37,487.3 1 1
UMKMGo-backend/internal/service/mobile.go:490.2,490.70 1 1
UMKMGo-backend/internal/service/mobile.go:490.70,492.3 1 1
UMKMGo-backend/internal/service/mobile.go:495.2,496.16 2 1
UMKMGo-backend/internal/service/mobile.go:496.16,498.3 1 1
UMKMGo-backend/internal/service/mobile.go:500.2,501.16 2 0
UMKMGo-backend/internal/service/mobile.go:501.16,503.3 1 0
UMKMGo-backend/internal/service/mobile.go:506.2,516.16 3 0
UMKMGo-backend/internal/service/mobile.go:516.16,518.3 1 0
UMKMGo-backend/internal/service/mobile.go:521.2,531.82 2 0
UMKMGo-backend/internal/service/mobile.go:531.82,533.3 1 0
UMKMGo-backend/internal/service/mobile.go:536.2,536.133 1 0
UMKMGo-backend/internal/service/mobile.go:536.133,538.3 1 0
UMKMGo-backend/internal/service/mobile.go:541.2,541.182 1 0
UMKMGo-backend/internal/service/mobile.go:541.182,543.3 1 0
UMKMGo-backend/internal/service/mobile.go:546.2,548.12 2 0
UMKMGo-backend/internal/service/mobile.go:552.127,555.16 2 1
UMKMGo-backend/internal/service/mobile.go:555.16,557.3 1 0
UMKMGo-backend/internal/service/mobile.go:560.2,560.78 1 1
UMKMGo-backend/internal/service/mobile.go:560.78,562.3 1 1
UMKMGo-backend/internal/service/mobile.go:563.2,563.78 1 1
UMKMGo-backend/internal/service/mobile.go:563.78,565.3 1 1
UMKMGo-backend/internal/service/mobile.go:568.2,568.96 1 1
UMKMGo-backend/internal/service/mobile.go:568.96,570.3 1 1
UMKMGo-backend/internal/service/mobile.go:573.2,573.70 1 1
UMKMGo-backend/internal/service/mobile.go:573.70,575.3 1 1
UMKMGo-backend/internal/service/mobile.go:577.2,577.31 1 1
UMKMGo-backend/internal/service/mobile.go:577.31,579.3 1 1
UMKMGo-backend/internal/service/mobile.go:582.2,583.16 2 1
UMKMGo-backend/internal/service/mobile.go:583.16,585.3 1 1
UMKMGo-backend/internal/service/mobile.go:588.2,589.16 2 0
UMKMGo-backend/internal/service/mobile.go:589.16,591.3 1 0
UMKMGo-backend/internal/service/mobile.go:594.2,604.16 3 0
UMKMGo-backend/internal/service/mobile.go:604.16,606.3 1 0
UMKMGo-backend/internal/service/mobile.go:609.2,623.79 2 0
UMKMGo-backend/internal/service/mobile.go:623.79,625.3 1 0
UMKMGo-backend/internal/service/mobile.go:628.2,628.127 1 0
UMKMGo-backend/internal/service/mobile.go:628.127,630.3 1 0
UMKMGo-backend/internal/service/mobile.go:633.2,633.182 1 0
UMKMGo-backend/internal/service/mobile.go:633.182,635.3 1 0
UMKMGo-backend/internal/service/mobile.go:638.2,640.12 2 0
UMKMGo-backend/internal/service/mobile.go:643.114,645.16 2 1
UMKMGo-backend/internal/service/mobile.go:645.16,647.3 1 1
UMKMGo-backend/internal/service/mobile.go:649.2,650.16 2 1
UMKMGo-backend/internal/service/mobile.go:650.16,652.3 1 0
UMKMGo-backend/internal/service/mobile.go:654.2,655.35 2 1
UMKMGo-backend/internal/service/mobile.go:655.35,665.3 1 1
UMKMGo-backend/internal/service/mobile.go:667.2,667.20 1 1
UMKMGo-backend/internal/service/mobile.go:670.112,672.16 2 1
UMKMGo-backend/internal/service/mobile.go:672.16,674.3 1 1
UMKMGo-backend/internal/service/mobile.go:677.2,681.29 4 1
UMKMGo-backend/internal/service/mobile.go:681.29,683.3 1 0
UMKMGo-backend/internal/service/mobile.go:685.2,686.33 2 1
UMKMGo-backend/internal/service/mobile.go:686.33,688.3 1 0
UMKMGo-backend/internal/service/mobile.go:691.2,692.44 2 1
UMKMGo-backend/internal/service/mobile.go:692.44,701.3 1 1
UMKMGo-backend/internal/service/mobile.go:704.2,705.45 2 1
UMKMGo-backend/internal/service/mobile.go:705.45,717.3 1 1
UMKMGo-backend/internal/service/mobile.go:720.2,738.26 2 1
UMKMGo-backend/internal/service/mobile.go:739.18,740.45 1 1
UMKMGo-backend/internal/service/mobile.go:740.45,747.4 1 1
UMKMGo-backend/internal/service/mobile.go:748.23,749.50 1 1
UMKMGo-backend/internal/service/mobile.go:749.50,758.4 1 1
UMKMGo-backend/internal/service/mobile.go:759.17,760.44 1 1
UMKMGo-backend/internal/service/mobile.go:760.44,773.4 1 1
UMKMGo-backend/internal/service/mobile.go:776.2,776.20 1 1
UMKMGo-backend/internal/service/mobile.go:779.119,781.16 2 1
UMKMGo-backend/internal/service/mobile.go:781.16,783.3 1 1
UMKMGo-backend/internal/service/mobile.go:785.2,786.34 2 1
UMKMGo-backend/internal/service/mobile.go:786.34,788.22 2 1
UMKMGo-backend/internal/service/mobile.go:788.22,790.4 1 1
UMKMGo-backend/internal/service/mobile.go:791.3,800.5 1 1
UMKMGo-backend/internal/service/mobile.go:803.2,803.22 1 1
UMKMGo-backend/internal/service/mobile.go:806.88,808.16 2 1
UMKMGo-backend/internal/service/mobile.go:808.16,810.3 1 1
UMKMGo-backend/internal/service/mobile.go:811.2,811.19 1 1
UMKMGo-backend/internal/service/mobile.go:814.109,816.2 1 1
UMKMGo-backend/internal/service/mobile.go:818.91,820.2 1 1
UMKMGo-backend/internal/service/mobile.go:822.128,824.16 2 1
UMKMGo-backend/internal/service/mobile.go:824.16,826.3 1 0
UMKMGo-backend/internal/service/mobile.go:828.2,829.25 2 1
UMKMGo-backend/internal/service/mobile.go:829.25,841.3 1 1
UMKMGo-backend/internal/service/mobile.go:843.2,843.29 1 1
UMKMGo-backend/internal/service/mobile.go:846.103,848.16 2 1
UMKMGo-backend/internal/service/mobile.go:848.16,850.3 1 1
UMKMGo-backend/internal/service/mobile.go:853.2,856.32 3 1
UMKMGo-backend/internal/service/mobile.go:856.32,858.3 1 1
UMKMGo-backend/internal/service/mobile.go:860.2,871.8 1 1
UMKMGo-backend/internal/service/mobile.go:875.128,877.16 2 1
UMKMGo-backend/internal/service/mobile.go:877.16,879.3 1 1
UMKMGo-backend/internal/service/mobile.go:882.2,888.8 1 0
UMKMGo-backend/internal/service/mobile.go:892.116,894.16 2 1
UMKMGo-backend/internal/service/mobile.go:894.16,896.3 1 1
UMKMGo-backend/internal/service/mobile.go:899.2,913.16 4 1
UMKMGo-backend/internal/service/mobile.go:913.16,915.3 1 1
UMKMGo-backend/internal/service/mobile.go:918.2,919.16 2 0
UMKMGo-backend/internal/service/mobile.go:919.16,921.3 1 0
UMKMGo-backend/internal/service/mobile.go:923.2,923.18 1 0
UMKMGo-backend/internal/service/mobile.go:926.92,928.29 2 1
UMKMGo-backend/internal/service/mobile.go:928.29,930.3 1 1
UMKMGo-backend/internal/service/mobile.go:931.2,931.15 1 1
UMKMGo-backend/internal/service/mobile.go:934.80,955.2 1 1
UMKMGo-backend/internal/service/mobile.go:957.100,962.45 3 0
UMKMGo-backend/internal/service/mobile.go:962.45,963.83 1 0
UMKMGo-backend/internal/service/mobile.go:963.83,970.18 2 0
UMKMGo-backend/internal/service/mobile.go:970.18,972.5 1 0
UMKMGo-backend/internal/service/mobile.go:974.4,975.17 2 0
UMKMGo-backend/internal/service/mobile.go:976.9,978.4 1 0
UMKMGo-backend/internal/service/mobile.go:980.3,984.5 1 0
UMKMGo-backend/internal/service/mobile.go:988.126,997.2 2 0
UMKMGo-backend/internal/service/mobile.go:999.132,1011.2 3 0
UMKMGo-backend/internal/service/news.go:33.98,38.2 1 0
UMKMGo-backend/internal/service/news.go:40.122,42.16 2 1
UMKMGo-backend/internal/service/news.go:42.16,44.3 1 1
UMKMGo-backend/internal/service/news.go:46.2,47.25 2 1
UMKMGo-backend/internal/service/news.go:47.25,49.27 2 1
UMKMGo-backend/internal/service/news.go:49.27,52.4 2 1
UMKMGo-backend/internal/service/news.go:54.3,66.5 1 1
UMKMGo-backend/internal/service/news.go:69.2,69.29 1 1
UMKMGo-backend/internal/service/news.go:72.90,74.16 2 1
UMKMGo-backend/internal/service/news.go:74.16,76.3 1 1
UMKMGo-backend/internal/service/news.go:78.2,79.29 2 1
UMKMGo-backend/internal/service/news.go:79.29,82.3 2 1
UMKMGo-backend/internal/service/news.go:84.2,85.32 2 1
UMKMGo-backend/internal/service/news.go:85.32,87.3 1 1
UMKMGo-backend/internal/service/news.go:89.2,105.8 1 1
UMKMGo-backend/internal/service/news.go:108.120,110.50 1 1
UMKMGo-backend/internal/service/news.go:110.50,112.3 1 1
UMKMGo-backend/internal/service/news.go:115.2,118.49 2 1
UMKMGo-backend/internal/service/news.go:118.49,120.3 1 1
UMKMGo-backend/internal/service/news.go:123.2,124.129 2 1
UMKMGo-backend/internal/service/news.go:124.129,131.17 2 0
UMKMGo-backend/internal/service/news.go:131.17,133.4 1 0
UMKMGo-backend/internal/service/news.go:134.3,134.25 1 0
UMKMGo-backend/internal/service/news.go:138.2,150.25 2 1
UMKMGo-backend/internal/service/news.go:150.25,153.3 2 1
UMKMGo-backend/internal/service/news.go:155.2,156.16 2 1
UMKMGo-backend/internal/service/news.go:156.16,158.3 1 0
UMKMGo-backend/internal/service/news.go:161.2,161.27 1 1
UMKMGo-backend/internal/service/news.go:161.27,163.40 2 1
UMKMGo-backend/internal/service/news.go:163.40,168.4 1 1
UMKMGo-backend/internal/service/news.go:169.3,169.68 1 1
UMKMGo-backend/internal/service/news.go:169.68,171.4 1 0
UMKMGo-backend/internal/service/news.go:174.2,174.43 1 1
UMKMGo-backend/internal/service/news.go:177.114,180.16 2 1
UMKMGo-backend/internal/service/news.go:180.16,182.3 1 1
UMKMGo-backend/internal/service/news.go:185.2,185.50 1 1
UMKMGo-backend/internal/service/news.go:185.50,187.3 1 0
UMKMGo-backend/internal/service/news.go:190.2,191.26 2 1
UMKMGo-backend/internal/service/news.go:191.26,192.54 1 1
UMKMGo-backend/internal/service/news.go:192.54,194.4 1 0
UMKMGo-backend/internal/service/news.go:195.3,195.22 1 1
UMKMGo-backend/internal/service/news.go:199.2,199.129 1 1
UMKMGo-backend/internal/service/news.go:199.129,206.17 2 0
UMKMGo-backend/internal/service/news.go:206.17,208.4 1 0
UMKMGo-backend/internal/service/news.go:211.3,211.27 1 0
UMKMGo-backend/internal/service/news.go:211.27,213.27 2 0
UMKMGo-backend/internal/service/news.go:213.27,215.5 1 0
UMKMGo-backend/internal/service/news.go:218.3,218.27 1 0
UMKMGo-backend/internal/service/news.go:219.8,219.36 1 1
UMKMGo-backend/internal/service/news.go:219.36,221.3 1 0
UMKMGo-backend/internal/service/news.go:224.2,233.42 7 1
UMKMGo-backend/internal/service/news.go:233.42,236.3 2 1
UMKMGo-backend/internal/service/news.go:236.8,236.49 1 1
UMKMGo-backend/internal/service/news.go:236.49,238.3 1 1
UMKMGo-backend/internal/service/news.go:240.2,241.16 2 1
UMKMGo-backend/internal/service/news.go:241.16,243.3 1 0
UMKMGo-backend/internal/service/news.go:246.2,246.65 1 1
UMKMGo-backend/internal/service/news.go:246.65,248.3 1 0
UMKMGo-backend/internal/service/news.go:250.2,250.27 1 1
UMKMGo-backend/internal/service/news.go:250.27,252.40 2 1
UMKMGo-backend/internal/service/news.go:252.40,257.4 1 1
UMKMGo-backend/internal/service/news.go:258.3,258.68 1 1
UMKMGo-backend/internal/service/news.go:258.68,260.4 1 0
UMKMGo-backend/internal/service/news.go:263.2,263.43 1 1
UMKMGo-backend/internal/service/news.go:266.69,268.16 2 1
UMKMGo-backend/internal/service/news.go:268.16,270.3 1 1
UMKMGo-backend/internal/service/news.go:273.2,273.26 1 1
UMKMGo-backend/internal/service/news.go:273.26,275.23 2 0
UMKMGo-backend/internal/service/news.go:275.23,277.4 1 0
UMKMGo-backend/internal/service/news.go:280.2,280.47 1 1
UMKMGo-backend/internal/service/news.go:283.90,285.16 2 1
UMKMGo-backend/internal/service/news.go:285.16,287.3 1 1
UMKMGo-backend/internal/service/news.go:289.2,289.22 1 1
UMKMGo-backend/internal/service/news.go:289.22,291.3 1 1
UMKMGo-backend/internal/service/news.go:293.2,298.16 5 1
UMKMGo-backend/internal/service/news.go:298.16,300.3 1 0
UMKMGo-backend/internal/service/news.go:302.2,302.31 1 1
UMKMGo-backend/internal/service/news.go:305.92,307.16 2 1
UMKMGo-backend/internal/service/news.go:307.16,309.3 1 1
UMKMGo-backend/internal/service/news.go:311.2,311.23 1 1
UMKMGo-backend/internal/service/news.go:311.23,313.3 1 1
UMKMGo-backend/internal/service/news.go:315.2,319.16 4 1
UMKMGo-backend/internal/service/news.go:319.16,321.3 1 0
UMKMGo-backend/internal/service/news.go:323.2,323.31 1 1
UMKMGo-backend/internal/service/news.go:327.57,346.2 8 1
UMKMGo-backend/internal/service/programs.go:34.183,41.2 1 0
UMKMGo-backend/internal/service/programs.go:43.87,45.16 2 1
UMKMGo-backend/internal/service/programs.go:45.16,47.3 1 0
UMKMGo-backend/internal/service/programs.go:49.2,50.35 2 1
UMKMGo-backend/internal/service/programs.go:50.35,54.30 3 1
UMKMGo-backend/internal/service/programs.go:54.30,56.4 1 0
UMKMGo-backend/internal/service/programs.go:59.3,61.34 3 1
UMKMGo-backend/internal/service/programs.go:61.34,63.4 1 0
UMKMGo-backend/internal/service/programs.go:65.3,91.48 2 1
UMKMGo-backend/internal/service/programs.go:94.2,94.25 1 1
UMKMGo-backend/internal/service/programs.go:97.93,99.16 2 1
UMKMGo-backend/internal/service/programs.go:99.16,101.3 1 1
UMKMGo-backend/internal/service/programs.go:104.2,106.29 3 1
UMKMGo-backend/internal/service/programs.go:106.29,108.3 1 0
UMKMGo-backend/internal/service/programs.go:111.2,113.33 3 1
UMKMGo-backend/internal/service/programs.go:113.33,115.3 1 0
UMKMGo-backend/internal/service/programs.go:117.2,142.8 1 1
UMKMGo-backend/internal/service/programs.go:145.106,147.84 1 1
UMKMGo-backend/internal/service/programs.go:147.84,149.3 1 1
UMKMGo-backend/internal/service/programs.go:152.2,152.96 1 1
UMKMGo-backend/internal/service/programs.go:152.96,154.3 1 1
UMKMGo-backend/internal/service/programs.go:157.2,157.100 1 1
UMKMGo-backend/internal/service/programs.go:157.100,158.115 1 1
UMKMGo-backend/internal/service/programs.go:158.115,160.4 1 1
UMKMGo-backend/internal/service/programs.go:164.2,164.27 1 1
UMKMGo-backend/internal/service/programs.go:164.27,166.17 2 1
UMKMGo-backend/internal/service/programs.go:166.17,168.4 1 1
UMKMGo-backend/internal/service/programs.go:172.2,172.26 1 1
UMKMGo-backend/internal/service/programs.go:172.26,179.17 2 0
UMKMGo-backend/internal/service/programs.go:179.17,181.4 1 0
UMKMGo-backend/internal/service/programs.go:182.3,182.27 1 0
UMKMGo-backend/internal/service/programs.go:186.2,186.32 1 1
UMKMGo-backend/internal/service/programs.go:186.32,193.17 2 0
UMKMGo-backend/internal/service/programs.go:193.17,195.4 1 0
UMKMGo-backend/internal/service/programs.go:196.3,196.33 1 0
UMKMGo-backend/internal/service/programs.go:200.2,222.16 3 1
UMKMGo-backend/internal/service/programs.go:222.16,224.3 1 0
UMKMGo-backend/internal/service/programs.go:227.2,227.31 1 1
UMKMGo-backend/internal/service/programs.go:227.31,229.38 2 1
UMKMGo-backend/internal/service/programs.go:229.38,234.4 1 1
UMKMGo-backend/internal/service/programs.go:235.3,235.82 1 1
UMKMGo-backend/internal/service/programs.go:235.82,237.4 1 0
UMKMGo-backend/internal/service/programs.go:241.2,241.35 1 1
UMKMGo-backend/internal/service/programs.go:241.35,243.42 2 1
UMKMGo-backend/internal/service/programs.go:243.42,248.4 1 1
UMKMGo-backend/internal/service/programs.go:249.3,249.90 1 1
UMKMGo-backend/internal/service/programs.go:249.90,251.4 1 0
UMKMGo-backend/internal/service/programs.go:254.2,263.8 1 1
UMKMGo-backend/internal/service/programs.go:266.114,269.16 2 1
UMKMGo-backend/internal/service/programs.go:269.16,271.3 1 1
UMKMGo-backend/internal/service/programs.go:274.2,274.84 1 1
UMKMGo-backend/internal/service/programs.go:274.84,276.3 1 1
UMKMGo-backend/internal/service/programs.go:279.2,279.96 1 1
UMKMGo-backend/internal/service/programs.go:279.96,281.3 1 0
UMKMGo-backend/internal/service/programs.go:284.2,284.96 1 1
UMKMGo-backend/internal/service/programs.go:284.96,291.17 2 0
UMKMGo-backend/internal/service/programs.go:291.17,293.4 1 0
UMKMGo-backend/internal/service/programs.go:295.3,295.35 1 0
UMKMGo-backend/internal/service/programs.go:295.35,297.24 2 0
UMKMGo-backend/internal/service/programs.go:297.24,298.98 1 0
UMKMGo-backend/internal/service/programs.go:298.98,300.6 1 0
UMKMGo-backend/internal/service/programs.go:304.3,304.27 1 0
UMKMGo-backend/internal/service/programs.go:308.2,308.108 1 1
UMKMGo-backend/internal/service/programs.go:308.108,315.17 2 0
UMKMGo-backend/internal/service/programs.go:315.17,317.4 1 0
UMKMGo-backend/internal/service/programs.go:319.3,319.41 1 0
UMKMGo-backend/internal/service/programs.go:319.41,321.24 2 0
UMKMGo-backend/internal/service/programs.go:321.24,322.98 1 0
UMKMGo-backend/internal/service/programs.go:322.98,324.6 1 0
UMKMGo-backend/internal/service/programs.go:328.3,328.33 1 0
UMKMGo-backend/internal/service/programs.go:332.2,350.16 18 1
UMKMGo-backend/internal/service/programs.go:350.16,352.3 1 0
UMKMGo-backend/internal/service/programs.go:355.2,355.31 1 1
UMKMGo-backend/internal/service/programs.go:355.31,361.38 3 1
UMKMGo-backend/internal/service/programs.go:361.38,366.4 1 1
UMKMGo-backend/internal/service/programs.go:367.3,367.82 1 1
UMKMGo-backend/internal/service/programs.go:367.82,369.4 1 0
UMKMGo-backend/internal/service/programs.go:373.2,373.35 1 1
UMKMGo-backend/internal/service/programs.go:373.35,379.42 3 1
UMKMGo-backend/internal/service/programs.go:379.42,384.4 1 1
UMKMGo-backend/internal/service/programs.go:385.3,385.90 1 1
UMKMGo-backend/internal/service/programs.go:385.90,387.4 1 0
UMKMGo-backend/internal/service/programs.go:390.2,399.8 1 1
UMKMGo-backend/internal/service/programs.go:402.92,404.16 2 1
UMKMGo-backend/internal/service/programs.go:404.16,406.3 1 1
UMKMGo-backend/internal/service/programs.go:408.2,409.16 2 1
UMKMGo-backend/internal/service/programs.go:409.16,411.3 1 0
UMKMGo-backend/internal/service/programs.go:413.2,417.8 1 1
UMKMGo-backend/internal/service/programs.go:420.94,422.16 2 1
UMKMGo-backend/internal/service/programs.go:422.16,424.3 1 1
UMKMGo-backend/internal/service/programs.go:426.2,428.16 3 1
UMKMGo-backend/internal/service/programs.go:428.16,430.3 1 0
UMKMGo-backend/internal/service/programs.go:432.2,437.8 1 1
UMKMGo-backend/internal/service/programs.go:440.96,442.16 2 1
UMKMGo-backend/internal/service/programs.go:442.16,444.3 1 1
UMKMGo-backend/internal/service/programs.go:446.2,448.16 3 1
UMKMGo-backend/internal/service/programs.go:448.16,450.3 1 0
UMKMGo-backend/internal/service/programs.go:452.2,457.8 1 1
UMKMGo-backend/internal/service/sla.go:27.65,31.2 1 0
UMKMGo-backend/internal/service/sla.go:33.76,35.16 2 1
UMKMGo-backend/internal/service/sla.go:35.16,37.3 1 1
UMKMGo-backend/internal/service/sla.go:39.2,45.8 1 1
UMKMGo-backend/internal/service/sla.go:48.72,50.16 2 1
UMKMGo-backend/internal/service/sla.go:50.16,52.3 1 1
UMKMGo-backend/internal/service/sla.go:54.2,60.8 1 1
UMKMGo-backend/internal/service/sla.go:63.95,64.25 1 1
UMKMGo-backend/internal/service/sla.go:64.25,66.3 1 1
UMKMGo-backend/internal/service/sla.go:68.2,69.16 2 1
UMKMGo-backend/internal/service/sla.go:69.16,71.3 1 1
UMKMGo-backend/internal/service/sla.go:73.2,74.30 2 1
UMKMGo-backend/internal/service/sla.go:74.30,76.3 1 1
UMKMGo-backend/internal/service/sla.go:78.2,79.16 2 1
UMKMGo-backend/internal/service/sla.go:79.16,81.3 1 0
UMKMGo-backend/internal/service/sla.go:83.2,89.8 1 1
UMKMGo-backend/internal/service/sla.go:92.91,93.25 1 1
UMKMGo-backend/internal/service/sla.go:93.25,95.3 1 1
UMKMGo-backend/internal/service/sla.go:97.2,98.16 2 1
UMKMGo-backend/internal/service/sla.go:98.16,100.3 1 1
UMKMGo-backend/internal/service/sla.go:102.2,103.30 2 1
UMKMGo-backend/internal/service/sla.go:103.30,105.3 1 1
UMKMGo-backend/internal/service/sla.go:107.2,108.16 2 1
UMKMGo-backend/internal/service/sla.go:108.16,110.3 1 0
UMKMGo-backend/internal/service/sla.go:112.2,118.8 1 1
UMKMGo-backend/internal/service/sla.go:121.113,123.16 2 1
UMKMGo-backend/internal/service/sla.go:123.16,125.3 1 1
UMKMGo-backend/internal/service/sla.go:127.2,127.31 1 1
UMKMGo-backend/internal/service/sla.go:127.31,129.3 1 1
UMKMGo-backend/internal/service/sla.go:130.2,130.75 1 1
UMKMGo-backend/internal/service/sla.go:133.109,135.16 2 1
UMKMGo-backend/internal/service/sla.go:135.16,137.3 1 1
UMKMGo-backend/internal/service/sla.go:139.2,139.31 1 1
UMKMGo-backend/internal/service/sla.go:139.31,141.3 1 1
UMKMGo-backend/internal/service/sla.go:142.2,142.67 1 1
UMKMGo-backend/internal/service/sla.go:146.120,154.35 6 1
UMKMGo-backend/internal/service/sla.go:154.35,159.3 4 1
UMKMGo-backend/internal/service/sla.go:161.2,162.39 2 1
UMKMGo-backend/internal/service/sla.go:165.108,172.32 6 1
UMKMGo-backend/internal/service/sla.go:172.32,177.3 4 1
UMKMGo-backend/internal/service/sla.go:179.2,180.39 2 1
UMKMGo-backend/internal/service/sla.go:184.122,187.35 2 1
UMKMGo-backend/internal/service/sla.go:187.35,194.3 1 1
UMKMGo-backend/internal/service/sla.go:196.2,197.39 2 1
UMKMGo-backend/internal/service/sla.go:200.110,203.32 2 1
UMKMGo-backend/internal/service/sla.go:203.32,205.20 2 1
UMKMGo-backend/internal/service/sla.go:205.20,207.4 1 1
UMKMGo-backend/internal/service/sla.go:208.3,213.11 1 1
UMKMGo-backend/internal/service/sla.go:216.2,217.39 2 1
UMKMGo-backend/internal/service/users.go:55.187,57.2 1 0
UMKMGo-backend/internal/service/users.go:59.97,61.116 1 0
UMKMGo-backend/internal/service/users.go:61.116,63.3 1 0
UMKMGo-backend/internal/service/users.go:66.2,66.59 1 0
UMKMGo-backend/internal/service/users.go:66.59,68.3 1 0
UMKMGo-backend/internal/service/users.go:71.2,72.43 2 0
UMKMGo-backend/internal/service/users.go:72.43,74.3 1 0
UMKMGo-backend/internal/service/users.go:77.2,78.16 2 0
UMKMGo-backend/internal/service/users.go:78.16,80.3 1 0
UMKMGo-backend/internal/service/users.go:81.2,81.16 1 0
UMKMGo-backend/internal/service/users.go:81.16,83.3 1 0
UMKMGo-backend/internal/service/users.go:84.2,84.15 1 0
UMKMGo-backend/internal/service/users.go:84.15,86.3 1 0
UMKMGo-backend/internal/service/users.go:89.2,89.43 1 0
UMKMGo-backend/internal/service/users.go:89.43,91.3 1 0
UMKMGo-backend/internal/service/users.go:94.2,94.62 1 0
UMKMGo-backend/internal/service/users.go:94.62,96.3 1 0
UMKMGo-backend/internal/service/users.go:99.2,100.16 2 0
UMKMGo-backend/internal/service/users.go:100.16,102.3 1 0
UMKMGo-backend/internal/service/users.go:103.2,112.16 3 0
UMKMGo-backend/internal/service/users.go:112.16,114.3 1 0
UMKMGo-backend/internal/service/users.go:116.2,120.8 1 0
UMKMGo-backend/internal/service/users.go:123.92,125.45 1 0
UMKMGo-backend/internal/service/users.go:125.45,127.3 1 0
UMKMGo-backend/internal/service/users.go:130.2,131.16 2 0
UMKMGo-backend/internal/service/users.go:131.16,133.3 1 0
UMKMGo-backend/internal/service/users.go:136.2,136.59 1 0
UMKMGo-backend/internal/service/users.go:136.59,138.3 1 0
UMKMGo-backend/internal/service/users.go:141.2,141.25 1 0
UMKMGo-backend/internal/service/users.go:141.25,143.3 1 0
UMKMGo-backend/internal/service/users.go:146.2,147.16 2 0
UMKMGo-backend/internal/service/users.go:147.16,149.3 1 0
UMKMGo-backend/internal/service/users.go:152.2,154.16 3 0
UMKMGo-backend/internal/service/users.go:154.16,156.3 1 0
UMKMGo-backend/internal/service/users.go:159.2,160.16 2 0
UMKMGo-backend/internal/service/users.go:160.16,162.3 1 0
UMKMGo-backend/internal/service/users.go:164.2,172.16 2 0
UMKMGo-backend/internal/service/users.go:172.16,174.3 1 0
UMKMGo-backend/internal/service/users.go:176.2,176.20 1 0
UMKMGo-backend/internal/service/users.go:179.113,182.16 2 0
UMKMGo-backend/internal/service/users.go:182.16,184.3 1 0
UMKMGo-backend/internal/service/users.go:187.2,187.47 1 0
UMKMGo-backend/internal/service/users.go:187.47,189.3 1 0
UMKMGo-backend/internal/service/users.go:192.2,192.62 1 0
UMKMGo-backend/internal/service/users.go:192.62,194.3 1 0
UMKMGo-backend/internal/service/users.go:197.2,198.65 2 0
UMKMGo-backend/internal/service/users.go:198.65,200.3 1 0
UMKMGo-backend/internal/service/users.go:203.2,208.16 4 0
UMKMGo-backend/internal/service/users.go:208.16,210.3 1 0
UMKMGo-backend/internal/service/users.go:212.2,216.8 1 0
UMKMGo-backend/internal/service/users.go:219.118,221.17 1 0
UMKMGo-backend/internal/service/users.go:221.17,223.3 1 0
UMKMGo-backend/internal/service/users.go:226.2,226.54 1 0
UMKMGo-backend/internal/service/users.go:226.54,228.3 1 0
UMKMGo-backend/internal/service/users.go:231.2,232.41 2 0
UMKMGo-backend/internal/service/users.go:232.41,234.3 1 0
UMKMGo-backend/internal/service/users.go:237.2,238.16 2 0
UMKMGo-backend/internal/service/users.go:238.16,240.3 1 0
UMKMGo-backend/internal/service/users.go:242.2,242.12 1 0
UMKMGo-backend/internal/service/users.go:245.105,247.17 1 0
UMKMGo-backend/internal/service/users.go:247.17,249.3 1 0
UMKMGo-backend/internal/service/users.go:252.2,252.54 1 0
UMKMGo-backend/internal/service/users.go:252.54,254.3 1 0
UMKMGo-backend/internal/service/users.go:257.2,258.41 2 0
UMKMGo-backend/internal/service/users.go:258.41,260.3 1 0
UMKMGo-backend/internal/service/users.go:263.2,264.35 2 0
UMKMGo-backend/internal/service/users.go:264.35,266.3 1 0
UMKMGo-backend/internal/service/users.go:268.2,268.18 1 0
UMKMGo-backend/internal/service/users.go:271.97,274.16 2 0
UMKMGo-backend/internal/service/users.go:274.16,276.3 1 0
UMKMGo-backend/internal/service/users.go:278.2,281.16 3 0
UMKMGo-backend/internal/service/users.go:281.16,283.3 1 0
UMKMGo-backend/internal/service/users.go:285.2,289.8 1 0
UMKMGo-backend/internal/service/users.go:292.86,294.16 2 0
UMKMGo-backend/internal/service/users.go:294.16,296.3 1 0
UMKMGo-backend/internal/service/users.go:298.2,299.29 2 0
UMKMGo-backend/internal/service/users.go:299.29,310.3 1 0
UMKMGo-backend/internal/service/users.go:312.2,312.22 1 0
UMKMGo-backend/internal/service/users.go:315.92,317.16 2 0
UMKMGo-backend/internal/service/users.go:317.16,319.3 1 0
UMKMGo-backend/internal/service/users.go:321.2,325.8 1 0
UMKMGo-backend/internal/service/users.go:328.101,330.16 2 0
UMKMGo-backend/internal/service/users.go:330.16,332.3 1 0
UMKMGo-backend/internal/service/users.go:334.2,338.8 1 0
UMKMGo-backend/internal/service/users.go:341.110,344.16 2 0
UMKMGo-backend/internal/service/users.go:344.16,346.3 1 0
UMKMGo-backend/internal/service/users.go:349.2,349.72 1 0
UMKMGo-backend/internal/service/users.go:349.72,351.3 1 0
UMKMGo-backend/internal/service/users.go:354.2,354.62 1 0
UMKMGo-backend/internal/service/users.go:354.62,356.3 1 0
UMKMGo-backend/internal/service/users.go:359.2,360.43 2 0
UMKMGo-backend/internal/service/users.go:360.43,362.3 1 0
UMKMGo-backend/internal/service/users.go:365.2,365.65 1 0
UMKMGo-backend/internal/service/users.go:365.65,367.3 1 0
UMKMGo-backend/internal/service/users.go:369.2,375.16 5 0
UMKMGo-backend/internal/service/users.go:375.16,377.3 1 0
UMKMGo-backend/internal/service/users.go:379.2,383.8 1 0
UMKMGo-backend/internal/service/users.go:386.91,389.16 2 0
UMKMGo-backend/internal/service/users.go:389.16,391.3 1 0
UMKMGo-backend/internal/service/users.go:393.2,394.16 2 0
UMKMGo-backend/internal/service/users.go:394.16,396.3 1 0
UMKMGo-backend/internal/service/users.go:398.2,402.8 1 0
UMKMGo-backend/internal/service/users.go:405.99,407.16 2 0
UMKMGo-backend/internal/service/users.go:407.16,409.3 1 0
UMKMGo-backend/internal/service/users.go:411.2,412.32 2 0
UMKMGo-backend/internal/service/users.go:412.32,419.3 1 0
UMKMGo-backend/internal/service/users.go:421.2,421.20 1 0
UMKMGo-backend/internal/service/users.go:424.115,426.16 2 0
UMKMGo-backend/internal/service/users.go:426.16,428.3 1 0
UMKMGo-backend/internal/service/users.go:430.2,430.29 1 0
UMKMGo-backend/internal/service/users.go:433.118,435.72 1 0
UMKMGo-backend/internal/service/users.go:435.72,437.3 1 0
UMKMGo-backend/internal/service/users.go:440.2,441.18 2 0
UMKMGo-backend/internal/service/users.go:441.18,443.3 1 0
UMKMGo-backend/internal/service/users.go:446.2,447.16 2 0
UMKMGo-backend/internal/service/users.go:447.16,449.3 1 0
UMKMGo-backend/internal/service/users.go:452.2,453.16 2 0
UMKMGo-backend/internal/service/users.go:453.16,455.3 1 0
UMKMGo-backend/internal/service/users.go:457.2,457.12 1 0
UMKMGo-backend/internal/service/users.go:462.108,465.16 3 0
UMKMGo-backend/internal/service/users.go:465.16,467.3 1 0
UMKMGo-backend/internal/service/users.go:469.2,470.16 2 0
UMKMGo-backend/internal/service/users.go:470.16,472.3 1 0
UMKMGo-backend/internal/service/users.go:474.2,479.20 2 0
UMKMGo-backend/internal/service/users.go:482.95,484.32 1 0
UMKMGo-backend/internal/service/users.go:484.32,486.3 1 0
UMKMGo-backend/internal/service/users.go:489.2,489.54 1 0
UMKMGo-backend/internal/service/users.go:489.54,491.3 1 0
UMKMGo-backend/internal/service/users.go:494.2,495.16 2 0
UMKMGo-backend/internal/service/users.go:495.16,497.3 1 0
UMKMGo-backend/internal/service/users.go:500.2,501.43 2 0
UMKMGo-backend/internal/service/users.go:501.43,503.3 1 0
UMKMGo-backend/internal/service/users.go:505.2,514.68 3 0
UMKMGo-backend/internal/service/users.go:514.68,516.3 1 0
UMKMGo-backend/internal/service/users.go:518.2,519.16 2 0
UMKMGo-backend/internal/service/users.go:519.16,521.3 1 0
UMKMGo-backend/internal/service/users.go:523.2,523.68 1 0
UMKMGo-backend/internal/service/users.go:523.68,525.3 1 0
UMKMGo-backend/internal/service/users.go:527.2,527.12 1 0
UMKMGo-backend/internal/service/users.go:530.100,532.16 2 0
UMKMGo-backend/internal/service/users.go:532.16,534.3 1 0
UMKMGo-backend/internal/service/users.go:536.2,537.16 2 0
UMKMGo-backend/internal/service/users.go:537.16,539.3 1 0
UMKMGo-backend/internal/service/users.go:540.2,542.94 3 0
UMKMGo-backend/internal/service/users.go:542.94,544.3 1 0
UMKMGo-backend/internal/service/users.go:546.2,546.25 1 0
UMKMGo-backend/internal/service/users.go:546.25,548.3 1 0
UMKMGo-backend/internal/service/users.go:550.2,553.69 3 0
UMKMGo-backend/internal/service/users.go:553.69,555.3 1 0
UMKMGo-backend/internal/service/users.go:557.2,557.24 1 0
UMKMGo-backend/internal/service/users.go:560.131,562.16 2 0
UMKMGo-backend/internal/service/users.go:562.16,564.3 1 0
UMKMGo-backend/internal/service/users.go:566.2,566.58 1 0
UMKMGo-backend/internal/service/users.go:566.58,568.3 1 0
UMKMGo-backend/internal/service/users.go:571.2,571.25 1 0
UMKMGo-backend/internal/service/users.go:571.25,573.3 1 0
UMKMGo-backend/internal/service/users.go:574.2,574.29 1 0
UMKMGo-backend/internal/service/users.go:574.29,576.3 1 0
UMKMGo-backend/internal/service/users.go:577.2,577.20 1 0
UMKMGo-backend/internal/service/users.go:577.20,579.3 1 0
UMKMGo-backend/internal/service/users.go:580.2,580.26 1 0
UMKMGo-backend/internal/service/users.go:580.26,582.3 1 0
UMKMGo-backend/internal/service/users.go:583.2,583.23 1 0
UMKMGo-backend/internal/service/users.go:583.23,585.3 1 0
UMKMGo-backend/internal/service/users.go:586.2,586.24 1 0
UMKMGo-backend/internal/service/users.go:586.24,588.3 1 0
UMKMGo-backend/internal/service/users.go:589.2,589.26 1 0
UMKMGo-backend/internal/service/users.go:589.26,591.3 1 0
UMKMGo-backend/internal/service/users.go:592.2,592.22 1 0
UMKMGo-backend/internal/service/users.go:592.22,594.3 1 0
UMKMGo-backend/internal/service/users.go:595.2,595.25 1 0
UMKMGo-backend/internal/service/users.go:595.25,597.3 1 0
UMKMGo-backend/internal/service/users.go:598.2,598.27 1 0
UMKMGo-backend/internal/service/users.go:598.27,600.3 1 0
UMKMGo-backend/internal/service/users.go:601.2,601.26 1 0
UMKMGo-backend/internal/service/users.go:601.26,603.3 1 0
UMKMGo-backend/internal/service/users.go:604.2,604.28 1 0
UMKMGo-backend/internal/service/users.go:604.28,606.3 1 0
UMKMGo-backend/internal/service/users.go:607.2,607.117 1 0
UMKMGo-backend/internal/service/users.go:607.117,609.3 1 0
UMKMGo-backend/internal/service/users.go:612.2,613.16 2 0
UMKMGo-backend/internal/service/users.go:613.16,615.3 1 0
UMKMGo-backend/internal/service/users.go:623.2,624.16 2 0
UMKMGo-backend/internal/service/users.go:624.16,626.3 1 0
UMKMGo-backend/internal/service/users.go:629.2,630.16 2 0
UMKMGo-backend/internal/service/users.go:630.16,632.3 1 0
UMKMGo-backend/internal/service/users.go:635.2,636.16 2 0
UMKMGo-backend/internal/service/users.go:636.16,638.3 1 0
UMKMGo-backend/internal/service/users.go:641.2,642.16 2 0
UMKMGo-backend/internal/service/users.go:642.16,644.3 1 0
UMKMGo-backend/internal/service/users.go:647.2,648.16 2 0
UMKMGo-backend/internal/service/users.go:648.16,650.3 1 0
UMKMGo-backend/internal/service/users.go:653.2,654.16 2 0
UMKMGo-backend/internal/service/users.go:654.16,656.3 1 0
UMKMGo-backend/internal/service/users.go:659.2,664.16 2 0
UMKMGo-backend/internal/service/users.go:664.16,666.3 1 0
UMKMGo-backend/internal/service/users.go:668.2,692.16 2 0
UMKMGo-backend/internal/service/users.go:692.16,694.3 1 0
UMKMGo-backend/internal/service/users.go:696.2,697.69 2 0
UMKMGo-backend/internal/service/users.go:697.69,699.3 1 0
UMKMGo-backend/internal/service/users.go:701.2,702.16 2 0
UMKMGo-backend/internal/service/users.go:702.16,704.3 1 0
UMKMGo-backend/internal/service/users.go:706.2,706.20 1 0
UMKMGo-backend/internal/service/users.go:709.103,711.45 1 0
UMKMGo-backend/internal/service/users.go:711.45,713.3 1 0
UMKMGo-backend/internal/service/users.go:716.2,717.16 2 0
UMKMGo-backend/internal/service/users.go:717.16,719.3 1 0
UMKMGo-backend/internal/service/users.go:722.2,723.16 2 0
UMKMGo-backend/internal/service/users.go:723.16,725.3 1 0
UMKMGo-backend/internal/service/users.go:728.2,728.64 1 0
UMKMGo-backend/internal/service/users.go:728.64,730.3 1 0
UMKMGo-backend/internal/service/users.go:732.2,740.16 2 0
UMKMGo-backend/internal/service/users.go:740.16,742.3 1 0
UMKMGo-backend/internal/service/users.go:744.2,744.20 1 0
UMKMGo-backend/internal/service/users.go:747.88,749.17 1 0
UMKMGo-backend/internal/service/users.go:749.17,751.3 1 0
UMKMGo-backend/internal/service/users.go:754.2,755.16 2 0
UMKMGo-backend/internal/service/users.go:755.16,757.3 1 0
UMKMGo-backend/internal/service/users.go:760.2,761.16 2 0
UMKMGo-backend/internal/service/users.go:761.16,763.3 1 0
UMKMGo-backend/internal/service/users.go:765.2,774.68 3 0
UMKMGo-backend/internal/service/users.go:774.68,776.3 1 0
UMKMGo-backend/internal/service/users.go:778.2,779.16 2 0
UMKMGo-backend/internal/service/users.go:779.16,781.3 1 0
UMKMGo-backend/internal/service/users.go:783.2,783.68 1 0
UMKMGo-backend/internal/service/users.go:783.68,785.3 1 0
UMKMGo-backend/internal/service/users.go:787.2,787.12 1 0
UMKMGo-backend/internal/service/users.go:790.121,792.55 1 0
UMKMGo-backend/internal/service/users.go:792.55,794.3 1 0
UMKMGo-backend/internal/service/users.go:797.2,798.16 2 0
UMKMGo-backend/internal/service/users.go:798.16,800.3 1 0
UMKMGo-backend/internal/service/users.go:802.2,802.58 1 0
UMKMGo-backend/internal/service/users.go:802.58,804.3 1 0
UMKMGo-backend/internal/service/users.go:807.2,808.16 2 0
UMKMGo-backend/internal/service/users.go:808.16,810.3 1 0
UMKMGo-backend/internal/service/users.go:813.2,813.117 1 0
UMKMGo-backend/internal/service/users.go:813.117,815.3 1 0
UMKMGo-backend/internal/service/users.go:818.2,818.43 1 0
UMKMGo-backend/internal/service/users.go:818.43,820.3 1 0
UMKMGo-backend/internal/service/users.go:823.2,824.16 2 0
UMKMGo-backend/internal/service/users.go:824.16,826.3 1 0
UMKMGo-backend/internal/service/users.go:828.2,831.79 2 0
UMKMGo-backend/internal/service/users.go:831.79,833.3 1 0
UMKMGo-backend/internal/service/users.go:836.2,837.69 2 0
UMKMGo-backend/internal/service/users.go:837.69,839.3 1 0
UMKMGo-backend/internal/service/users.go:841.2,841.12 1 0
UMKMGo-backend/internal/service/vault_decrypt_logs.go:24.113,28.2 1 0
UMKMGo-backend/internal/service/vault_decrypt_logs.go:30.96,32.2 1 1
UMKMGo-backend/internal/service/vault_decrypt_logs.go:34.116,36.2 1 1
UMKMGo-backend/internal/service/vault_decrypt_logs.go:38.116,40.2 1 1
